app/build/intermediates/manifest_merge_blame_file/debug/processDebugMainManifest/manifest-merger-blame-debug-report.txt
1<?xml version="1.0" encoding="utf-8"?>
2<manifest xmlns:android="http://schemas.android.com/apk/res/android"
3    package="com.sleepysoong.breeze"
4    android:versionCode="1"
5    android:versionName="1.0.0" >
6
7    <uses-sdk
8        android:minSdkVersion="26"
9        android:targetSdkVersion="35" />
10
11    <uses-permission android:name="android.permission.ACCESS_FINE_LOCATION" />
11-->src/main/AndroidManifest.xml:5:5-79
11-->src/main/AndroidManifest.xml:5:22-76
12    <uses-permission android:name="android.permission.ACCESS_COARSE_LOCATION" />
12-->src/main/AndroidManifest.xml:6:5-81
12-->src/main/AndroidManifest.xml:6:22-78
13    <uses-permission android:name="android.permission.ACCESS_BACKGROUND_LOCATION" />
13-->src/main/AndroidManifest.xml:7:5-85
13-->src/main/AndroidManifest.xml:7:22-82
14    <uses-permission android:name="android.permission.FOREGROUND_SERVICE" />
14-->src/main/AndroidManifest.xml:8:5-77
14-->src/main/AndroidManifest.xml:8:22-74
15    <uses-permission android:name="android.permission.FOREGROUND_SERVICE_LOCATION" />
15-->src/main/AndroidManifest.xml:9:5-86
15-->src/main/AndroidManifest.xml:9:22-83
16    <uses-permission android:name="android.permission.POST_NOTIFICATIONS" />
16-->src/main/AndroidManifest.xml:10:5-77
16-->src/main/AndroidManifest.xml:10:22-74
17    <uses-permission android:name="android.permission.VIBRATE" />
17-->src/main/AndroidManifest.xml:11:5-66
17-->src/main/AndroidManifest.xml:11:22-63
18    <uses-permission android:name="android.permission.INTERNET" />
18-->src/main/AndroidManifest.xml:12:5-67
18-->src/main/AndroidManifest.xml:12:22-64
19    <uses-permission android:name="android.permission.ACCESS_NETWORK_STATE" />
19-->src/main/AndroidManifest.xml:13:5-79
19-->src/main/AndroidManifest.xml:13:22-76
20    <uses-permission android:name="android.permission.ACTIVITY_RECOGNITION" />
20-->src/main/AndroidManifest.xml:14:5-79
20-->src/main/AndroidManifest.xml:14:22-76
21
22    <permission
22-->[androidx.core:core:1.15.0] AndroidManifest.xml:22:5-24:47
23        android:name="com.sleepysoong.breeze.DYNAMIC_RECEIVER_NOT_EXPORTED_PERMISSION"
23-->[androidx.core:core:1.15.0] AndroidManifest.xml:23:9-81
24        android:protectionLevel="signature" />
24-->[androidx.core:core:1.15.0] AndroidManifest.xml:24:9-44
25
26    <uses-permission android:name="com.sleepysoong.breeze.DYNAMIC_RECEIVER_NOT_EXPORTED_PERMISSION" />
26-->[androidx.core:core:1.15.0] AndroidManifest.xml:26:5-97
26-->[androidx.core:core:1.15.0] AndroidManifest.xml:26:22-94
27
28    <meta-data
28-->[com.kakao.maps.open:android:2.12.8] AndroidManifest.xml:7:5-9:29
29        android:name="com.kakao.vectormap.version.code"
29-->[com.kakao.maps.open:android:2.12.8] AndroidManifest.xml:8:9-56
30        android:value="1" />
30-->[com.kakao.maps.open:android:2.12.8] AndroidManifest.xml:9:9-26
31
32    <application
32-->src/main/AndroidManifest.xml:16:5-47:19
33        android:name="com.sleepysoong.breeze.BreezeApplication"
33-->src/main/AndroidManifest.xml:17:9-42
34        android:allowBackup="true"
34-->src/main/AndroidManifest.xml:18:9-35
35        android:appComponentFactory="androidx.core.app.CoreComponentFactory"
35-->[androidx.core:core:1.15.0] AndroidManifest.xml:28:18-86
36        android:dataExtractionRules="@xml/data_extraction_rules"
36-->src/main/AndroidManifest.xml:19:9-65
37        android:debuggable="true"
38        android:extractNativeLibs="false"
39        android:fullBackupContent="@xml/backup_rules"
39-->src/main/AndroidManifest.xml:20:9-54
40        android:icon="@mipmap/ic_launcher"
40-->src/main/AndroidManifest.xml:21:9-43
41        android:label="@string/app_name"
41-->src/main/AndroidManifest.xml:22:9-41
42        android:roundIcon="@mipmap/ic_launcher_round"
42-->src/main/AndroidManifest.xml:23:9-54
43        android:supportsRtl="true"
43-->src/main/AndroidManifest.xml:24:9-35
44        android:theme="@style/Theme.Breeze" >
44-->src/main/AndroidManifest.xml:25:9-44
45        <activity
45-->src/main/AndroidManifest.xml:28:9-36:20
46            android:name="com.sleepysoong.breeze.MainActivity"
46-->src/main/AndroidManifest.xml:29:13-41
47            android:exported="true"
47-->src/main/AndroidManifest.xml:30:13-36
48            android:theme="@style/Theme.Breeze" >
48-->src/main/AndroidManifest.xml:31:13-48
49            <intent-filter>
49-->src/main/AndroidManifest.xml:32:13-35:29
50                <action android:name="android.intent.action.MAIN" />
50-->src/main/AndroidManifest.xml:33:17-69
50-->src/main/AndroidManifest.xml:33:25-66
51
52                <category android:name="android.intent.category.LAUNCHER" />
52-->src/main/AndroidManifest.xml:34:17-77
52-->src/main/AndroidManifest.xml:34:27-74
53            </intent-filter>
54        </activity>
55
56        <service
56-->src/main/AndroidManifest.xml:38:9-41:40
57            android:name="com.sleepysoong.breeze.service.RunningService"
57-->src/main/AndroidManifest.xml:39:13-51
58            android:exported="false"
58-->src/main/AndroidManifest.xml:41:13-37
59            android:foregroundServiceType="location" />
59-->src/main/AndroidManifest.xml:40:13-53
60
61        <meta-data
62            android:name="com.kakao.vectormap.APP_KEY"
62-->src/main/AndroidManifest.xml:44:13-55
63            android:value="" />
63-->src/main/AndroidManifest.xml:45:13-45
64
65        <activity
65-->[com.google.android.gms:play-services-base:18.5.0] AndroidManifest.xml:5:9-173
66            android:name="com.google.android.gms.common.api.GoogleApiActivity"
66-->[com.google.android.gms:play-services-base:18.5.0] AndroidManifest.xml:5:19-85
67            android:exported="false"
67-->[com.google.android.gms:play-services-base:18.5.0] AndroidManifest.xml:5:146-170
68            android:theme="@android:style/Theme.Translucent.NoTitleBar" />
68-->[com.google.android.gms:play-services-base:18.5.0] AndroidManifest.xml:5:86-145
69
70        <meta-data
70-->[com.google.android.gms:play-services-basement:18.4.0] AndroidManifest.xml:6:9-122
71            android:name="com.google.android.gms.version"
71-->[com.google.android.gms:play-services-basement:18.4.0] AndroidManifest.xml:6:20-65
72            android:value="@integer/google_play_services_version" />
72-->[com.google.android.gms:play-services-basement:18.4.0] AndroidManifest.xml:6:66-119
73
74        <provider
74-->[androidx.emoji2:emoji2:1.3.0] AndroidManifest.xml:24:9-32:20
75            android:name="androidx.startup.InitializationProvider"
75-->[androidx.emoji2:emoji2:1.3.0] AndroidManifest.xml:25:13-67
76            android:authorities="com.sleepysoong.breeze.androidx-startup"
76-->[androidx.emoji2:emoji2:1.3.0] AndroidManifest.xml:26:13-68
77            android:exported="false" >
77-->[androidx.emoji2:emoji2:1.3.0] AndroidManifest.xml:27:13-37
78            <meta-data
78-->[androidx.emoji2:emoji2:1.3.0] AndroidManifest.xml:29:13-31:52
79                android:name="androidx.emoji2.text.EmojiCompatInitializer"
79-->[androidx.emoji2:emoji2:1.3.0] AndroidManifest.xml:30:17-75
80                android:value="androidx.startup" />
80-->[androidx.emoji2:emoji2:1.3.0] AndroidManifest.xml:31:17-49
81            <meta-data
81-->[androidx.lifecycle:lifecycle-process:2.8.7] AndroidManifest.xml:29:13-31:52
82                android:name="androidx.lifecycle.ProcessLifecycleInitializer"
82-->[androidx.lifecycle:lifecycle-process:2.8.7] AndroidManifest.xml:30:17-78
83                android:value="androidx.startup" />
83-->[androidx.lifecycle:lifecycle-process:2.8.7] AndroidManifest.xml:31:17-49
84            <meta-data
84-->[androidx.profileinstaller:profileinstaller:1.3.1] AndroidManifest.xml:29:13-31:52
85                android:name="androidx.profileinstaller.ProfileInstallerInitializer"
85-->[androidx.profileinstaller:profileinstaller:1.3.1] AndroidManifest.xml:30:17-85
86                android:value="androidx.startup" />
86-->[androidx.profileinstaller:profileinstaller:1.3.1] AndroidManifest.xml:31:17-49
87        </provider>
88
89        <activity
89-->[androidx.compose.ui:ui-tooling-android:1.7.6] AndroidManifest.xml:23:9-25:39
90            android:name="androidx.compose.ui.tooling.PreviewActivity"
90-->[androidx.compose.ui:ui-tooling-android:1.7.6] AndroidManifest.xml:24:13-71
91            android:exported="true" />
91-->[androidx.compose.ui:ui-tooling-android:1.7.6] AndroidManifest.xml:25:13-36
92
93        <service
93-->[androidx.room:room-runtime:2.6.1] AndroidManifest.xml:24:9-28:63
94            android:name="androidx.room.MultiInstanceInvalidationService"
94-->[androidx.room:room-runtime:2.6.1] AndroidManifest.xml:25:13-74
95            android:directBootAware="true"
95-->[androidx.room:room-runtime:2.6.1] AndroidManifest.xml:26:13-43
96            android:exported="false" />
96-->[androidx.room:room-runtime:2.6.1] AndroidManifest.xml:27:13-37
97
98        <receiver
98-->[androidx.profileinstaller:profileinstaller:1.3.1] AndroidManifest.xml:34:9-52:20
99            android:name="androidx.profileinstaller.ProfileInstallReceiver"
99-->[androidx.profileinstaller:profileinstaller:1.3.1] AndroidManifest.xml:35:13-76
100            android:directBootAware="false"
100-->[androidx.profileinstaller:profileinstaller:1.3.1] AndroidManifest.xml:36:13-44
101            android:enabled="true"
101-->[androidx.profileinstaller:profileinstaller:1.3.1] AndroidManifest.xml:37:13-35
102            android:exported="true"
102-->[androidx.profileinstaller:profileinstaller:1.3.1] AndroidManifest.xml:38:13-36
103            android:permission="android.permission.DUMP" >
103-->[androidx.profileinstaller:profileinstaller:1.3.1] AndroidManifest.xml:39:13-57
104            <intent-filter>
104-->[androidx.profileinstaller:profileinstaller:1.3.1] AndroidManifest.xml:40:13-42:29
105                <action android:name="androidx.profileinstaller.action.INSTALL_PROFILE" />
105-->[androidx.profileinstaller:profileinstaller:1.3.1] AndroidManifest.xml:41:17-91
105-->[androidx.profileinstaller:profileinstaller:1.3.1] AndroidManifest.xml:41:25-88
106            </intent-filter>
107            <intent-filter>
107-->[androidx.profileinstaller:profileinstaller:1.3.1] AndroidManifest.xml:43:13-45:29
108                <action android:name="androidx.profileinstaller.action.SKIP_FILE" />
108-->[androidx.profileinstaller:profileinstaller:1.3.1] AndroidManifest.xml:44:17-85
108-->[androidx.profileinstaller:profileinstaller:1.3.1] AndroidManifest.xml:44:25-82
109            </intent-filter>
110            <intent-filter>
110-->[androidx.profileinstaller:profileinstaller:1.3.1] AndroidManifest.xml:46:13-48:29
111                <action android:name="androidx.profileinstaller.action.SAVE_PROFILE" />
111-->[androidx.profileinstaller:profileinstaller:1.3.1] AndroidManifest.xml:47:17-88
111-->[androidx.profileinstaller:profileinstaller:1.3.1] AndroidManifest.xml:47:25-85
112            </intent-filter>
113            <intent-filter>
113-->[androidx.profileinstaller:profileinstaller:1.3.1] AndroidManifest.xml:49:13-51:29
114                <action android:name="androidx.profileinstaller.action.BENCHMARK_OPERATION" />
114-->[androidx.profileinstaller:profileinstaller:1.3.1] AndroidManifest.xml:50:17-95
114-->[androidx.profileinstaller:profileinstaller:1.3.1] AndroidManifest.xml:50:25-92
115            </intent-filter>
116        </receiver>
117    </application>
118
119</manifest>